-------------------------------------------------------------------------------
Test set: com.example.demo.JwtDemo11ApplicationTests
-------------------------------------------------------------------------------
Tests run: 1, Failures: 0, Errors: 1, Skipped: 0, Time elapsed: 0.681 s <<< FAILURE! - in com.example.demo.JwtDemo11ApplicationTests
com.example.demo.JwtDemo11ApplicationTests  Time elapsed: 0.679 s  <<< ERROR!
org.springframework.beans.BeanInstantiationException: Failed to instantiate [org.springframework.security.test.context.support.ReactorContextTestExecutionListener]: Unresolvable class definition; nested exception is java.lang.UnsupportedClassVersionError: org/springframework/security/core/context/SecurityContext has been compiled by a more recent version of the Java Runtime (class file version 61.0), this version of the Java Runtime only recognizes class file versions up to 59.0
Caused by: java.lang.UnsupportedClassVersionError: org/springframework/security/core/context/SecurityContext has been compiled by a more recent version of the Java Runtime (class file version 61.0), this version of the Java Runtime only recognizes class file versions up to 59.0

